Jan-15 07:29:24.181 [main] DEBUG nextflow.cli.Launcher - $> nextflow run script7.nf --reads 's3://zenofbucket/nf-testing/*_{1,2}.fq' --outdir 's3://zenofbucket/nf-testing/results/' -profile cloud -w 's3://zenofbucket/nf-testing/work/' -process.queue queue_test_light --with-container
Jan-15 07:29:24.493 [main] INFO  nextflow.cli.CmdRun - N E X T F L O W  ~  version 21.10.0
Jan-15 07:29:24.664 [main] INFO  nextflow.cli.CmdRun - Launching `script7.nf` [zen_williams] - revision: e8b2fb5aa0
Jan-15 07:29:24.764 [main] DEBUG nextflow.config.ConfigBuilder - Found config local: /home/ec2-user/nf-testing/my-nextflow/nextflow.config
Jan-15 07:29:24.765 [main] DEBUG nextflow.config.ConfigBuilder - Parsing config file: /home/ec2-user/nf-testing/my-nextflow/nextflow.config
Jan-15 07:29:24.944 [main] DEBUG nextflow.config.ConfigBuilder - Applying config profile: `cloud`
Jan-15 07:29:27.670 [main] DEBUG nextflow.config.ConfigBuilder - Available config profiles: [standard, cloud, cluster]
Jan-15 07:29:27.786 [main] DEBUG nextflow.plugin.PluginsFacade - Setting up plugin manager > mode=prod; plugins-dir=/home/ec2-user/.nextflow/plugins
Jan-15 07:29:27.788 [main] DEBUG nextflow.plugin.PluginsFacade - Plugins default=[nf-amazon@1.3.1]
Jan-15 07:29:27.819 [main] INFO  org.pf4j.DefaultPluginStatusProvider - Enabled plugins: []
Jan-15 07:29:27.826 [main] INFO  org.pf4j.DefaultPluginStatusProvider - Disabled plugins: []
Jan-15 07:29:27.831 [main] INFO  org.pf4j.DefaultPluginManager - PF4J version 3.4.1 in 'deployment' mode
Jan-15 07:29:27.863 [main] INFO  org.pf4j.AbstractPluginManager - No plugins
Jan-15 07:29:27.863 [main] DEBUG nextflow.plugin.PluginUpdater - Installing plugin nf-amazon version: 1.3.1
Jan-15 07:29:27.891 [main] INFO  org.pf4j.AbstractPluginManager - Plugin 'nf-amazon@1.3.1' resolved
Jan-15 07:29:27.892 [main] INFO  org.pf4j.AbstractPluginManager - Start plugin 'nf-amazon@1.3.1'
Jan-15 07:29:27.923 [main] DEBUG nextflow.plugin.BasePlugin - Plugin started nf-amazon@1.3.1
Jan-15 07:29:27.996 [main] DEBUG nextflow.file.FileHelper - > Added 'S3FileSystemProvider' to list of installed providers [s3]
Jan-15 07:29:28.155 [main] DEBUG nextflow.Session - Session uuid: 5519714c-30d1-4c74-bc13-4f641bed73ac
Jan-15 07:29:28.162 [main] DEBUG nextflow.Session - Run name: zen_williams
Jan-15 07:29:28.163 [main] DEBUG nextflow.Session - Executor pool size: 2
Jan-15 07:29:28.217 [main] DEBUG nextflow.file.FileHelper - Creating a file system instance for provider: S3FileSystemProvider
Jan-15 07:29:28.246 [main] DEBUG nextflow.Global - Using AWS credential defined in `default` section in file: /home/ec2-user/.aws/credentials
Jan-15 07:29:28.247 [main] DEBUG nextflow.file.FileHelper - AWS S3 config details: {secret_key=l29t7C.., max_error_retry=5, access_key=AKIAY5..}
Jan-15 07:29:29.419 [main] DEBUG nextflow.cli.CmdRun - 
  Version: 21.10.0 build 5640
  Created: 11-11-2021 18:27 UTC 
  System: Linux 4.14.252-195.483.amzn2.x86_64
  Runtime: Groovy 3.0.9 on OpenJDK 64-Bit Server VM 1.8.0_152-release-1056-b12
  Encoding: UTF-8 (UTF-8)
  Process: 24071@ip-172-31-24-232.eu-west-2.compute.internal [172.31.24.232]
  CPUs: 1 - Mem: 982.5 MB (209.8 MB) - Swap: 0 (0)
Jan-15 07:29:30.140 [main] DEBUG nextflow.file.FileHelper - Can't check if specified path is NFS (1): /zenofbucket/nf-testing/work

Jan-15 07:29:30.141 [main] DEBUG nextflow.Session - Work-dir: s3://zenofbucket/nf-testing/work [null]
Jan-15 07:29:30.423 [main] DEBUG nextflow.executor.ExecutorFactory - Extension executors providers=[AwsBatchExecutor]
Jan-15 07:29:30.456 [main] DEBUG nextflow.Session - Observer factory: DefaultObserverFactory
Jan-15 07:29:30.550 [main] DEBUG nextflow.util.CustomThreadPool - Creating default thread pool > poolSize: 2; maxThreads: 1000
Jan-15 07:29:30.723 [main] DEBUG nextflow.Session - Session start invoked
Jan-15 07:29:31.995 [main] DEBUG nextflow.script.ScriptRunner - > Launching execution
Jan-15 07:29:32.046 [main] INFO  nextflow.Nextflow - R N A S E Q - N F   P I P E L I N E    
===================================
transcriptome: s3://zenofbucket/nf-testing/transcriptome.fa
reads        : s3://zenofbucket/nf-testing/*_{1,2}.fq
outdir       : s3://zenofbucket/nf-testing/results/

Jan-15 07:29:32.183 [main] DEBUG nextflow.executor.ExecutorFactory - << taskConfig executor: awsbatch
Jan-15 07:29:32.183 [main] DEBUG nextflow.executor.ExecutorFactory - >> processorType: 'awsbatch'
Jan-15 07:29:32.185 [main] DEBUG nextflow.executor.Executor - [warm up] executor > awsbatch
Jan-15 07:29:32.242 [main] DEBUG nextflow.util.ThrottlingExecutor - Creating throttling executor with opts: nextflow.util.ThrottlingExecutor$Options(poolName:AWSBatch-executor, limiter:RateLimiter[stableRate=50.0qps], poolSize:5, maxPoolSize:5, queueSize:5000, maxRetries:10, keepAlive:1m, autoThrottle:true, errorBurstDelay:1s, rampUpInterval:100, rampUpFactor:1.2, rampUpMaxRate:1.7976931348623157E308, backOffFactor:2.0, backOffMinRate:0.0166666667, retryDelay:1s)
Jan-15 07:29:32.259 [main] DEBUG nextflow.util.ThrottlingExecutor - Creating throttling executor with opts: nextflow.util.ThrottlingExecutor$Options(poolName:AWSBatch-reaper, limiter:RateLimiter[stableRate=50.0qps], poolSize:5, maxPoolSize:5, queueSize:5000, maxRetries:10, keepAlive:1m, autoThrottle:true, errorBurstDelay:1s, rampUpInterval:100, rampUpFactor:1.2, rampUpMaxRate:1.7976931348623157E308, backOffFactor:2.0, backOffMinRate:0.0166666667, retryDelay:1s)
Jan-15 07:29:32.260 [main] DEBUG n.cloud.aws.batch.AwsBatchExecutor - Creating parallel monitor for executor 'awsbatch' > pollInterval=10s; dumpInterval=5m
Jan-15 07:29:32.454 [main] INFO  n.cloud.aws.batch.AwsBatchExecutor - Uploading local `bin` scripts folder to s3://zenofbucket/nf-testing/work/tmp/02/4627b0091255d0861cbbfe90294a8e/bin
Jan-15 07:29:32.631 [main] DEBUG nextflow.Global - Using AWS credential defined in `default` section in file: /home/ec2-user/.aws/credentials
Jan-15 07:29:32.749 [main] DEBUG n.cloud.aws.batch.AwsBatchExecutor - [AWS BATCH] Executor options=AwsOptions(cliPath:/home/ec2-user/miniconda/bin/aws, storageClass:null, storageEncryption:null, remoteBinDir:/zenofbucket/nf-testing/work/tmp/02/4627b0091255d0861cbbfe90294a8e/bin, region:null, maxParallelTransfers:4, maxTransferAttempts:5, delayBetweenAttempts:10s, retryMode:standard, fetchInstanceType:false, jobRole:null, volumes:[], awsCli:/home/ec2-user/miniconda/bin/aws)
Jan-15 07:29:32.797 [main] DEBUG nextflow.util.CustomThreadPool - Creating default thread pool > poolSize: 2; maxThreads: 1000
Jan-15 07:29:33.167 [PathVisitor-1] DEBUG nextflow.file.PathVisitor - files for syntax: glob; folder: /zenofbucket/nf-testing/; pattern: *_{1,2}.fq; options: [checkIfExists:true]
Jan-15 07:29:33.169 [PathVisitor-1] DEBUG nextflow.file.FileHelper - Path matcher not defined by 'S3FileSystem' file system -- using default default strategy
Jan-15 07:29:33.462 [main] DEBUG nextflow.executor.ExecutorFactory - << taskConfig executor: awsbatch
Jan-15 07:29:33.462 [main] DEBUG nextflow.executor.ExecutorFactory - >> processorType: 'awsbatch'
Jan-15 07:29:33.524 [main] DEBUG nextflow.executor.ExecutorFactory - << taskConfig executor: awsbatch
Jan-15 07:29:33.524 [main] DEBUG nextflow.executor.ExecutorFactory - >> processorType: 'awsbatch'
Jan-15 07:29:33.648 [main] DEBUG nextflow.executor.ExecutorFactory - << taskConfig executor: awsbatch
Jan-15 07:29:33.648 [main] DEBUG nextflow.executor.ExecutorFactory - >> processorType: 'awsbatch'
Jan-15 07:29:33.693 [main] DEBUG nextflow.Session - Workflow process names [dsl1]: quantification, fastqc, index, multiqc
Jan-15 07:29:33.703 [main] DEBUG nextflow.script.ScriptRunner - > Await termination 
Jan-15 07:29:33.703 [main] DEBUG nextflow.Session - Session await
Jan-15 07:29:34.456 [AWSBatch-executor-3] DEBUG n.c.aws.batch.AwsBatchTaskHandler - [AWS BATCH] [AWS BATCH] Found job definition name=nf-channingzen-mamba1:2; container=channingzen/mamba1
Jan-15 07:29:34.559 [AWSBatch-executor-3] DEBUG n.c.aws.batch.AwsBatchTaskHandler - [AWS BATCH] submitted > job=1fba9976-6210-49f1-bb2a-d9c6da49bfed; work-dir=s3://zenofbucket/nf-testing/work/9e/3cb98e0eb910ccba05724e6aba37e9
Jan-15 07:29:34.566 [AWSBatch-executor-3] INFO  nextflow.Session - [9e/3cb98e] Submitted process > fastqc (FASTQC on gut)
Jan-15 07:29:34.572 [AWSBatch-executor-2] DEBUG n.c.aws.batch.AwsBatchTaskHandler - [AWS BATCH] submitted > job=d3405d7d-417d-4537-b244-f3449b1200d1; work-dir=s3://zenofbucket/nf-testing/work/95/15be80c66b22115219a16dd942494b
Jan-15 07:29:34.572 [AWSBatch-executor-2] INFO  nextflow.Session - [95/15be80] Submitted process > fastqc (FASTQC on liver)
Jan-15 07:29:34.584 [AWSBatch-executor-4] DEBUG n.c.aws.batch.AwsBatchTaskHandler - [AWS BATCH] submitted > job=bb3a1d9f-c2e5-4c5b-870d-6f5c337b0143; work-dir=s3://zenofbucket/nf-testing/work/22/bce708fc60c56aa3cb1bf2a4a05bb9
Jan-15 07:29:34.584 [AWSBatch-executor-4] INFO  nextflow.Session - [22/bce708] Submitted process > fastqc (FASTQC on lung)
Jan-15 07:29:34.624 [AWSBatch-executor-1] DEBUG n.c.aws.batch.AwsBatchTaskHandler - [AWS BATCH] submitted > job=7f62b614-4cfc-40d7-bd11-1daa23927c7b; work-dir=s3://zenofbucket/nf-testing/work/e7/444068dac9169fa2294b04c5844e88
Jan-15 07:29:34.624 [AWSBatch-executor-1] INFO  nextflow.Session - [e7/444068] Submitted process > index
Jan-15 07:32:22.422 [Task monitor] DEBUG n.processor.TaskPollingMonitor - Task completed > TaskHandler[id: 1; name: index; status: COMPLETED; exit: 0; error: -; workDir: s3://zenofbucket/nf-testing/work/e7/444068dac9169fa2294b04c5844e88]
Jan-15 07:32:22.838 [AWSBatch-executor-3] DEBUG n.c.aws.batch.AwsBatchTaskHandler - [AWS BATCH] submitted > job=6ccf11df-090a-4b3f-ba09-56344a45d555; work-dir=s3://zenofbucket/nf-testing/work/89/23fc998b98dd1ceaa4c094a5ac5601
Jan-15 07:32:22.839 [AWSBatch-executor-3] INFO  nextflow.Session - [89/23fc99] Submitted process > quantification (gut)
Jan-15 07:32:22.926 [AWSBatch-executor-4] DEBUG n.c.aws.batch.AwsBatchTaskHandler - [AWS BATCH] submitted > job=2258ba42-faf2-46ad-8faa-caf524bb46e4; work-dir=s3://zenofbucket/nf-testing/work/d8/f39626e54160e3e7f4904000a00315
Jan-15 07:32:22.926 [AWSBatch-executor-4] INFO  nextflow.Session - [d8/f39626] Submitted process > quantification (liver)
Jan-15 07:32:22.962 [AWSBatch-executor-1] DEBUG n.c.aws.batch.AwsBatchTaskHandler - [AWS BATCH] submitted > job=e8e49da9-1339-42e9-b7ae-f6e43a38aa9f; work-dir=s3://zenofbucket/nf-testing/work/32/37b6fb553fad5e7586cdf6edc259fa
Jan-15 07:32:22.962 [AWSBatch-executor-1] INFO  nextflow.Session - [32/37b6fb] Submitted process > quantification (lung)
Jan-15 07:32:32.407 [Task monitor] DEBUG n.processor.TaskPollingMonitor - Task completed > TaskHandler[id: 3; name: fastqc (FASTQC on gut); status: COMPLETED; exit: 0; error: -; workDir: s3://zenofbucket/nf-testing/work/9e/3cb98e0eb910ccba05724e6aba37e9]
Jan-15 07:32:32.656 [Task monitor] DEBUG n.processor.TaskPollingMonitor - Task completed > TaskHandler[id: 2; name: fastqc (FASTQC on liver); status: COMPLETED; exit: 0; error: -; workDir: s3://zenofbucket/nf-testing/work/95/15be80c66b22115219a16dd942494b]
Jan-15 07:32:32.743 [Task monitor] DEBUG n.processor.TaskPollingMonitor - Task completed > TaskHandler[id: 4; name: fastqc (FASTQC on lung); status: COMPLETED; exit: 0; error: -; workDir: s3://zenofbucket/nf-testing/work/22/bce708fc60c56aa3cb1bf2a4a05bb9]
Jan-15 07:32:42.397 [Task monitor] DEBUG n.processor.TaskPollingMonitor - Task completed > TaskHandler[id: 5; name: quantification (gut); status: COMPLETED; exit: 0; error: -; workDir: s3://zenofbucket/nf-testing/work/89/23fc998b98dd1ceaa4c094a5ac5601]
Jan-15 07:32:42.473 [Task monitor] DEBUG n.processor.TaskPollingMonitor - Task completed > TaskHandler[id: 6; name: quantification (liver); status: COMPLETED; exit: 0; error: -; workDir: s3://zenofbucket/nf-testing/work/d8/f39626e54160e3e7f4904000a00315]
Jan-15 07:32:42.553 [Task monitor] DEBUG n.processor.TaskPollingMonitor - Task completed > TaskHandler[id: 7; name: quantification (lung); status: COMPLETED; exit: 0; error: -; workDir: s3://zenofbucket/nf-testing/work/32/37b6fb553fad5e7586cdf6edc259fa]
Jan-15 07:32:42.961 [AWSBatch-executor-3] DEBUG n.c.aws.batch.AwsBatchTaskHandler - [AWS BATCH] submitted > job=429b33b7-dc3c-4bf7-8b40-1c313dc23407; work-dir=s3://zenofbucket/nf-testing/work/cd/a986df965b854915e66b2630358c31
Jan-15 07:32:42.962 [AWSBatch-executor-3] INFO  nextflow.Session - [cd/a986df] Submitted process > multiqc
Jan-15 07:33:12.406 [Task monitor] DEBUG n.processor.TaskPollingMonitor - Task completed > TaskHandler[id: 8; name: multiqc; status: COMPLETED; exit: 0; error: -; workDir: s3://zenofbucket/nf-testing/work/cd/a986df965b854915e66b2630358c31]
Jan-15 07:33:12.673 [Task monitor] DEBUG n.util.BlockingThreadExecutorFactory - Thread pool name=FileTransfer; maxThreads=6; maxQueueSize=18; keepAlive=1m
Jan-15 07:33:12.700 [main] DEBUG nextflow.Session - Session await > all process finished
Jan-15 07:33:12.736 [main] DEBUG nextflow.Session - Session await > all barriers passed
Jan-15 07:33:12.743 [main] INFO  nextflow.Nextflow - 
Done! Open the following report in your browser --> s3://zenofbucket/nf-testing/results//multiqc_report.html

Jan-15 07:33:13.144 [main] DEBUG nextflow.trace.WorkflowStatsObserver - Workflow completed > WorkflowStats[succeededCount=8; failedCount=0; ignoredCount=0; cachedCount=0; pendingCount=0; submittedCount=0; runningCount=0; retriesCount=0; abortedCount=0; succeedDuration=2m 30s; failedDuration=0ms; cachedDuration=0ms;loadCpus=0; loadMemory=0; peakRunning=4; peakCpus=4; peakMemory=0; ]
Jan-15 07:33:13.308 [main] DEBUG nextflow.CacheDB - Closing CacheDB done
Jan-15 07:33:13.308 [main] INFO  org.pf4j.AbstractPluginManager - Stop plugin 'nf-amazon@1.3.1'
Jan-15 07:33:13.308 [main] DEBUG nextflow.plugin.BasePlugin - Plugin stopped nf-amazon
Jan-15 07:33:13.339 [main] DEBUG nextflow.script.ScriptRunner - > Execution complete -- Goodbye
